[2023-07-06 14:32:47,183] 224 werkzeug - WARNING -  * Debugger is active!
[2023-07-06 14:32:47,188] 224 werkzeug - INFO -  * Debugger PIN: 106-321-406
[2023-07-06 14:33:00,659] 224 werkzeug - INFO - 127.0.0.1 - - [06/Jul/2023 14:33:00] "GET / HTTP/1.1" 200 -
[2023-07-06 14:33:00,721] 224 werkzeug - INFO - 127.0.0.1 - - [06/Jul/2023 14:33:00] "[33mGET /favicon.ico HTTP/1.1[0m" 404 -
[2023-07-06 14:33:07,447] 22 root - INFO - Data ingestion method start
[2023-07-06 14:33:07,479] 27 root - INFO - Explored collection as DataFrame
[2023-07-06 14:33:07,493] 33 root - INFO - Dataset read as pandas DataFrame
[2023-07-06 14:33:07,503] 37 root - INFO - train test split
[2023-07-06 14:33:07,514] 42 root - INFO - Ingestion of Data is completed
[2023-07-06 14:33:07,542] 56 root - INFO - Read test and train file is Completed
[2023-07-06 14:33:07,542] 23 root - INFO - Data Transformation initiate
[2023-07-06 14:33:07,558] 25 root - INFO - Splitting dependent and independent variables from train and test data
[2023-07-06 14:33:07,897] 41 root - INFO - model report : {'xgb_classifire': 0.7960199004975125, 'gaussian_nb': 0.8059701492537313}
[2023-07-06 14:33:07,899] 54 root - INFO - best model found : gaussian_nb , best model score : 0.8059701492537313
[2023-07-06 14:33:07,901] 224 werkzeug - INFO - 127.0.0.1 - - [06/Jul/2023 14:33:07] "GET /train HTTP/1.1" 200 -
[2023-07-06 14:33:36,359] 22 root - INFO - Data ingestion method start
[2023-07-06 14:33:36,368] 27 root - INFO - Explored collection as DataFrame
[2023-07-06 14:33:36,379] 33 root - INFO - Dataset read as pandas DataFrame
[2023-07-06 14:33:36,380] 37 root - INFO - train test split
[2023-07-06 14:33:36,393] 42 root - INFO - Ingestion of Data is completed
[2023-07-06 14:33:36,424] 56 root - INFO - Read test and train file is Completed
[2023-07-06 14:33:36,424] 23 root - INFO - Data Transformation initiate
[2023-07-06 14:33:36,438] 25 root - INFO - Splitting dependent and independent variables from train and test data
[2023-07-06 14:33:36,788] 41 root - INFO - model report : {'xgb_classifire': 0.7960199004975125, 'gaussian_nb': 0.8059701492537313}
[2023-07-06 14:33:36,791] 54 root - INFO - best model found : gaussian_nb , best model score : 0.8059701492537313
[2023-07-06 14:33:36,795] 224 werkzeug - INFO - 127.0.0.1 - - [06/Jul/2023 14:33:36] "GET /train HTTP/1.1" 200 -
[2023-07-06 14:33:38,629] 22 root - INFO - Data ingestion method start
[2023-07-06 14:33:38,641] 27 root - INFO - Explored collection as DataFrame
[2023-07-06 14:33:38,651] 33 root - INFO - Dataset read as pandas DataFrame
[2023-07-06 14:33:38,654] 37 root - INFO - train test split
[2023-07-06 14:33:38,666] 42 root - INFO - Ingestion of Data is completed
[2023-07-06 14:33:38,699] 56 root - INFO - Read test and train file is Completed
[2023-07-06 14:33:38,699] 23 root - INFO - Data Transformation initiate
[2023-07-06 14:33:38,711] 25 root - INFO - Splitting dependent and independent variables from train and test data
[2023-07-06 14:33:39,004] 41 root - INFO - model report : {'xgb_classifire': 0.7960199004975125, 'gaussian_nb': 0.8059701492537313}
[2023-07-06 14:33:39,006] 54 root - INFO - best model found : gaussian_nb , best model score : 0.8059701492537313
[2023-07-06 14:33:39,008] 224 werkzeug - INFO - 127.0.0.1 - - [06/Jul/2023 14:33:39] "GET /train HTTP/1.1" 200 -
[2023-07-06 14:34:06,552] 22 root - INFO - Data ingestion method start
[2023-07-06 14:34:06,568] 27 root - INFO - Explored collection as DataFrame
[2023-07-06 14:34:06,582] 33 root - INFO - Dataset read as pandas DataFrame
[2023-07-06 14:34:06,585] 37 root - INFO - train test split
[2023-07-06 14:34:06,601] 42 root - INFO - Ingestion of Data is completed
[2023-07-06 14:34:06,642] 56 root - INFO - Read test and train file is Completed
[2023-07-06 14:34:06,642] 23 root - INFO - Data Transformation initiate
[2023-07-06 14:34:06,659] 25 root - INFO - Splitting dependent and independent variables from train and test data
[2023-07-06 14:34:07,002] 41 root - INFO - model report : {'xgb_classifire': 0.7960199004975125, 'gaussian_nb': 0.8059701492537313}
[2023-07-06 14:34:07,003] 54 root - INFO - best model found : gaussian_nb , best model score : 0.8059701492537313
[2023-07-06 14:34:07,007] 224 werkzeug - INFO - 127.0.0.1 - - [06/Jul/2023 14:34:07] "GET /train HTTP/1.1" 200 -
[2023-07-06 14:34:22,327] 224 werkzeug - INFO -  * Detected change in 'd:\\hello_\\name_1\\name_1\\credit card\\app.py', reloading
